<?xml version="1.0" encoding="UTF-8"?>
<!-- Generated by org.testng.reporters.JUnitReportReporter -->
<testsuite hostname="DELL3400-2408" failures="0" tests="1" name="location.TestGET" time="3.967" errors="0" timestamp="2022-01-31T02:21:47 IST" skipped="0">
  <testcase classname="location.TestGET" name="test" time="3.967"/>
  <system-out/>
</testsuite> <!-- location.TestGET -->
