<?xml version="1.0" encoding="UTF-8"?>
<!-- Generated by org.testng.reporters.JUnitReportReporter -->
<testsuite hostname="DELL3400-2408" failures="0" tests="1" name="location.TestPATCH" time="4.906" errors="0" timestamp="2022-01-31T02:00:24 IST" skipped="0">
  <testcase classname="location.TestPATCH" name="test" time="4.906"/>
  <system-out/>
</testsuite> <!-- location.TestPATCH -->
