<?xml version="1.0" encoding="UTF-8"?>
<!-- Generated by org.testng.reporters.JUnitReportReporter -->
<testsuite hostname="DELL3400-2408" failures="0" tests="6" name="location.AddLocation" time="16.697" errors="0" timestamp="2022-01-31T03:38:14 IST" skipped="0">
  <testcase classname="location.AddLocation" name="updatePlace" time="3.605"/>
  <system-out/>
  <testcase classname="location.AddLocation" name="getDeletedPlace" time="2.522"/>
  <system-out/>
  <testcase classname="location.AddLocation" name="updateDeletedPlace" time="2.879"/>
  <system-out/>
  <testcase classname="location.AddLocation" name="createPlace" time="2.222"/>
  <system-out/>
  <testcase classname="location.AddLocation" name="delete" time="2.860"/>
  <system-out/>
  <testcase classname="location.AddLocation" name="getPlace" time="2.609"/>
  <system-out/>
</testsuite> <!-- location.AddLocation -->
